\BOOKMARK [0][-]{dummy.1}{\376\377\000D\000e\000c\000l\000a\000r\000a\000t\000i\000o\000n\000\040\000o\000f\000\040\000A\000u\000t\000h\000o\000r\000s\000h\000i\000p}{}% 1
\BOOKMARK [0][-]{dummy.2}{\376\377\000A\000b\000s\000t\000r\000a\000c\000t}{}% 2
\BOOKMARK [0][-]{dummy.3}{\376\377\000A\000c\000k\000n\000o\000w\000l\000e\000d\000g\000e\000m\000e\000n\000t\000s}{}% 3
\BOOKMARK [0][-]{dummy.4}{\376\377\000C\000o\000n\000t\000e\000n\000t\000s}{}% 4
\BOOKMARK [0][-]{dummy.6}{\376\377\000L\000i\000s\000t\000\040\000o\000f\000\040\000F\000i\000g\000u\000r\000e\000s}{}% 5
\BOOKMARK [0][-]{dummy.8}{\376\377\000L\000i\000s\000t\000\040\000o\000f\000\040\000T\000a\000b\000l\000e\000s}{}% 6
\BOOKMARK [0][-]{chapter.10}{\376\377\0001\000\040\000I\000n\000t\000r\000o\000d\000u\000c\000t\000i\000o\000n}{}% 7
\BOOKMARK [1][-]{section.11}{\376\377\0001\000.\0001\000\040\000T\000h\000e\000s\000i\000s\000\040\000R\000e\000s\000e\000a\000r\000c\000h\000\040\000Q\000u\000e\000s\000t\000i\000o\000n}{chapter.10}% 8
\BOOKMARK [1][-]{section.12}{\376\377\0001\000.\0002\000\040\000O\000b\000j\000e\000c\000t\000i\000v\000e\000s}{chapter.10}% 9
\BOOKMARK [1][-]{section.13}{\376\377\0001\000.\0003\000\040\000T\000h\000e\000s\000i\000s\000\040\000S\000t\000r\000u\000c\000t\000u\000r\000e}{chapter.10}% 10
\BOOKMARK [0][-]{chapter.14}{\376\377\0002\000\040\000B\000a\000c\000k\000g\000r\000o\000u\000n\000d\000\040\000a\000n\000d\000\040\000T\000o\000o\000l\000i\000n\000g}{}% 11
\BOOKMARK [1][-]{section.15}{\376\377\0002\000.\0001\000\040\000I\000n\000t\000r\000o\000d\000u\000c\000t\000i\000o\000n\000\040\000t\000o\000\040\000A\000s\000k\000.\000f\000m}{chapter.14}% 12
\BOOKMARK [2][-]{subsection.16}{\376\377\0002\000.\0001\000.\0001\000\040\000C\000r\000e\000a\000t\000i\000n\000g\000\040\000a\000n\000\040\000A\000s\000k\000.\000f\000m\000\040\000A\000c\000c\000o\000u\000n\000t}{section.15}% 13
\BOOKMARK [2][-]{subsection.18}{\376\377\0002\000.\0001\000.\0002\000\040\000Q\000u\000e\000s\000t\000i\000o\000n\000s\000\040\000a\000n\000d\000\040\000A\000n\000s\000w\000e\000r\000s}{section.15}% 14
\BOOKMARK [2][-]{subsection.23}{\376\377\0002\000.\0001\000.\0003\000\040\000P\000r\000i\000v\000a\000c\000y\000\040\000S\000e\000t\000t\000i\000n\000g\000,\000\040\000R\000e\000p\000o\000r\000t\000i\000n\000g\000\040\000A\000b\000u\000s\000e\000\040\000a\000n\000d\000\040\000D\000e\000l\000e\000t\000i\000n\000g\000\040\000Q\000u\000e\000s\000t\000i\000o\000n\000s}{section.15}% 15
\BOOKMARK [2][-]{subsection.29}{\376\377\0002\000.\0001\000.\0004\000\040\000D\000e\000a\000c\000t\000i\000v\000a\000t\000i\000n\000g\000\040\000a\000n\000\040\000A\000c\000c\000o\000u\000n\000t}{section.15}% 16
\BOOKMARK [1][-]{section.31}{\376\377\0002\000.\0002\000\040\000P\000y\000t\000h\000o\000n\000,\000\040\000N\000L\000T\000K\000\040\000a\000n\000d\000\040\000S\000c\000i\000k\000i\000t\000-\000L\000e\000a\000r\000n}{chapter.14}% 17
\BOOKMARK [2][-]{subsection.32}{\376\377\0002\000.\0002\000.\0001\000\040\000P\000y\000t\000h\000o\000n}{section.31}% 18
\BOOKMARK [2][-]{subsection.33}{\376\377\0002\000.\0002\000.\0002\000\040\000T\000h\000e\000\040\000N\000a\000t\000u\000r\000a\000l\000\040\000L\000a\000n\000g\000u\000a\000g\000e\000\040\000T\000o\000o\000l\000k\000i\000t}{section.31}% 19
\BOOKMARK [2][-]{subsection.34}{\376\377\0002\000.\0002\000.\0003\000\040\000S\000c\000i\000k\000i\000t\000-\000L\000e\000a\000r\000n}{section.31}% 20
\BOOKMARK [2][-]{subsection.35}{\376\377\0002\000.\0002\000.\0004\000\040\000P\000y\000t\000h\000o\000n\000\040\000R\000e\000s\000o\000u\000r\000c\000e\000s}{section.31}% 21
\BOOKMARK [1][-]{section.36}{\376\377\0002\000.\0003\000\040\000M\000y\000S\000Q\000L\000,\000\040\000S\000P\000S\000S\000\040\000a\000n\000d\000\040\000E\000x\000c\000e\000l}{chapter.14}% 22
\BOOKMARK [1][-]{section.37}{\376\377\0002\000.\0004\000\040\000P\000r\000e\000c\000i\000s\000i\000o\000n\000,\000\040\000R\000e\000c\000a\000l\000l\000,\000\040\000A\000c\000c\000u\000r\000a\000c\000y\000\040\000a\000n\000d\000\040\000G\000-\000P\000e\000r\000f\000o\000r\000m\000a\000n\000c\000e}{chapter.14}% 23
\BOOKMARK [2][-]{subsection.47}{\376\377\0002\000.\0004\000.\0001\000\040\000G\000-\000P\000e\000r\000f\000o\000r\000m\000a\000n\000c\000e}{section.37}% 24
\BOOKMARK [0][-]{chapter.49}{\376\377\0003\000\040\000L\000i\000t\000e\000r\000a\000t\000u\000r\000e\000\040\000R\000e\000v\000i\000e\000w}{}% 25
\BOOKMARK [1][-]{section.50}{\376\377\0003\000.\0001\000\040\000C\000y\000b\000e\000r\000b\000u\000l\000l\000y\000i\000n\000g\000:\000\040\000W\000h\000a\000t\000\040\000i\000s\000\040\000i\000t\000\040\000a\000n\000d\000\040\000w\000h\000y\000\040\000s\000h\000o\000u\000l\000d\000\040\000w\000e\000\040\000c\000a\000r\000e}{chapter.49}% 26
\BOOKMARK [1][-]{section.51}{\376\377\0003\000.\0002\000\040\000M\000i\000n\000i\000n\000g\000\040\000f\000o\000r\000\040\000C\000y\000b\000e\000r\000b\000u\000l\000l\000y\000i\000n\000g\000\040\000T\000e\000x\000t}{chapter.49}% 27
\BOOKMARK [1][-]{section.60}{\376\377\0003\000.\0003\000\040\000C\000o\000m\000m\000o\000n\000\040\000O\000b\000s\000t\000a\000c\000l\000e\000s\000\040\000t\000o\000\040\000O\000v\000e\000r\000c\000o\000m\000e}{chapter.49}% 28
\BOOKMARK [2][-]{subsection.61}{\376\377\0003\000.\0003\000.\0001\000\040\000A\000n\000o\000n\000y\000m\000i\000t\000y}{section.60}% 29
\BOOKMARK [2][-]{subsection.62}{\376\377\0003\000.\0003\000.\0002\000\040\000D\000a\000t\000a\000\040\000a\000n\000d\000\040\000C\000l\000a\000s\000s\000i\000f\000i\000c\000a\000t\000i\000o\000n}{section.60}% 30
\BOOKMARK [2][-]{subsection.63}{\376\377\0003\000.\0003\000.\0003\000\040\000C\000l\000a\000s\000s\000\040\000I\000m\000b\000a\000l\000a\000n\000c\000e}{section.60}% 31
\BOOKMARK [0][-]{chapter.64}{\376\377\0004\000\040\000D\000a\000t\000a\000\040\000E\000x\000t\000r\000a\000c\000t\000i\000o\000n\000,\000\040\000E\000x\000p\000l\000o\000r\000a\000t\000i\000o\000n\000\040\000a\000n\000d\000\040\000P\000r\000o\000c\000e\000s\000s\000i\000n\000g}{}% 32
\BOOKMARK [1][-]{section.65}{\376\377\0004\000.\0001\000\040\000R\000a\000w\000\040\000D\000a\000t\000a\000\040\000E\000x\000t\000r\000a\000c\000t\000i\000o\000n}{chapter.64}% 33
\BOOKMARK [1][-]{section.73}{\376\377\0004\000.\0002\000\040\000I\000n\000i\000t\000i\000a\000l\000\040\000D\000a\000t\000a\000\040\000P\000r\000o\000c\000e\000s\000s\000i\000n\000g}{chapter.64}% 34
\BOOKMARK [2][-]{subsection.75}{\376\377\0004\000.\0002\000.\0001\000\040\000E\000x\000t\000r\000a\000c\000t\000\040\000d\000a\000t\000a\000\040\000f\000r\000o\000m\000\040\000H\000T\000M\000L\000\040\000F\000i\000l\000e\000s}{section.73}% 35
\BOOKMARK [2][-]{subsection.117}{\376\377\0004\000.\0002\000.\0002\000\040\000S\000p\000l\000i\000t\000t\000i\000n\000g\000\040\000t\000h\000e\000\040\000d\000a\000t\000a}{section.73}% 36
\BOOKMARK [1][-]{section.121}{\376\377\0004\000.\0003\000\040\000C\000l\000a\000s\000s\000i\000f\000i\000c\000a\000t\000i\000o\000n}{chapter.64}% 37
\BOOKMARK [2][-]{subsection.122}{\376\377\0004\000.\0003\000.\0001\000\040\000C\000y\000b\000e\000r\000b\000u\000l\000l\000y\000i\000n\000g\000\040\000C\000r\000i\000t\000e\000r\000i\000a}{section.121}% 38
\BOOKMARK [2][-]{subsection.129}{\376\377\0004\000.\0003\000.\0002\000\040\000D\000a\000t\000a\000s\000e\000t\000\040\000C\000l\000a\000s\000s\000i\000f\000i\000c\000a\000t\000i\000o\000n}{section.121}% 39
\BOOKMARK [1][-]{section.131}{\376\377\0004\000.\0004\000\040\000D\000a\000t\000a\000\040\000E\000x\000p\000l\000o\000r\000a\000t\000i\000o\000n}{chapter.64}% 40
\BOOKMARK [2][-]{subsection.132}{\376\377\0004\000.\0004\000.\0001\000\040\000D\000a\000t\000a\000\040\000D\000e\000s\000c\000r\000i\000p\000t\000i\000o\000n}{section.131}% 41
\BOOKMARK [2][-]{subsection.135}{\376\377\0004\000.\0004\000.\0002\000\040\000D\000a\000t\000a\000\040\000Q\000u\000a\000l\000i\000t\000y}{section.131}% 42
\BOOKMARK [2][-]{subsection.136}{\376\377\0004\000.\0004\000.\0003\000\040\000D\000a\000t\000a\000\040\000E\000x\000p\000l\000o\000r\000a\000t\000i\000o\000n}{section.131}% 43
\BOOKMARK [2][-]{subsection.147}{\376\377\0004\000.\0004\000.\0004\000\040\000D\000a\000t\000a\000\040\000V\000i\000s\000u\000a\000l\000i\000s\000a\000t\000i\000o\000n}{section.131}% 44
\BOOKMARK [1][-]{section.153}{\376\377\0004\000.\0005\000\040\000D\000a\000t\000a\000\040\000P\000r\000e\000p\000a\000r\000a\000t\000i\000o\000n}{chapter.64}% 45
\BOOKMARK [2][-]{subsection.154}{\376\377\0004\000.\0005\000.\0001\000\040\000C\000l\000e\000a\000n\000i\000n\000g\000\040\000t\000h\000e\000\040\000D\000a\000t\000a}{section.153}% 46
\BOOKMARK [2][-]{subsection.167}{\376\377\0004\000.\0005\000.\0002\000\040\000W\000r\000i\000t\000e\000\040\000D\000a\000t\000a\000\040\000i\000n\000\040\000N\000L\000T\000K\000\040\000C\000o\000r\000p\000u\000s\000\040\000F\000o\000r\000m\000a\000t}{section.153}% 47
\BOOKMARK [2][-]{subsection.168}{\376\377\0004\000.\0005\000.\0003\000\040\000A\000n\000a\000l\000y\000s\000i\000s\000\040\000o\000f\000\040\000C\000l\000e\000a\000n\000i\000n\000g\000\040\000S\000t\000e\000p\000s}{section.153}% 48
\BOOKMARK [2][-]{subsection.173}{\376\377\0004\000.\0005\000.\0004\000\040\000D\000a\000t\000a\000\040\000E\000x\000p\000l\000o\000r\000a\000t\000i\000o\000n\000\040\000R\000e\000v\000i\000s\000i\000t\000e\000d}{section.153}% 49
\BOOKMARK [2][-]{subsection.177}{\376\377\0004\000.\0005\000.\0005\000\040\000D\000a\000t\000a\000\040\000V\000i\000s\000u\000a\000l\000i\000s\000a\000t\000i\000o\000n\000\040\000R\000e\000v\000i\000s\000i\000t\000e\000d}{section.153}% 50
\BOOKMARK [1][-]{section.180}{\376\377\0004\000.\0006\000\040\000S\000u\000m\000m\000a\000r\000y\000\040\000a\000n\000d\000\040\000C\000o\000n\000c\000l\000u\000s\000i\000o\000n}{chapter.64}% 51
\BOOKMARK [0][-]{chapter.181}{\376\377\0005\000\040\000D\000a\000t\000a\000\040\000M\000o\000d\000e\000l\000l\000i\000n\000g}{}% 52
\BOOKMARK [1][-]{section.189}{\376\377\0005\000.\0001\000\040\000N\000a\000t\000u\000r\000a\000l\000\040\000L\000a\000n\000g\000u\000a\000g\000e\000\040\000T\000o\000o\000l\000k\000i\000t\000\040\000-\000\040\000I\000n\000i\000t\000i\000a\000l\000\040\000M\000o\000d\000e\000l\000l\000i\000n\000g}{chapter.181}% 53
\BOOKMARK [2][-]{subsection.191}{\376\377\0005\000.\0001\000.\0001\000\040\000M\000o\000d\000e\000l\000\040\000D\000e\000v\000e\000l\000o\000p\000m\000e\000n\000t}{section.189}% 54
\BOOKMARK [2][-]{subsection.235}{\376\377\0005\000.\0001\000.\0002\000\040\000M\000o\000d\000e\000l\000\040\000E\000x\000e\000c\000u\000t\000i\000o\000n\000\040\000a\000n\000d\000\040\000P\000e\000r\000f\000o\000r\000m\000a\000n\000c\000e}{section.189}% 55
\BOOKMARK [2][-]{subsection.238}{\376\377\0005\000.\0001\000.\0003\000\040\000M\000o\000d\000e\000l\000\040\000A\000n\000a\000l\000y\000s\000i\000s}{section.189}% 56
\BOOKMARK [2][-]{subsection.239}{\376\377\0005\000.\0001\000.\0004\000\040\000F\000u\000r\000t\000h\000e\000r\000\040\000E\000x\000p\000l\000o\000r\000a\000t\000i\000o\000n}{section.189}% 57
\BOOKMARK [1][-]{section.249}{\376\377\0005\000.\0002\000\040\000N\000a\000t\000u\000r\000a\000l\000\040\000L\000a\000n\000g\000u\000a\000g\000e\000\040\000T\000o\000o\000l\000k\000i\000t\000\040\000-\000\040\000C\000l\000a\000s\000s\000\040\000I\000m\000b\000a\000l\000a\000n\000c\000e}{chapter.181}% 58
\BOOKMARK [2][-]{subsection.250}{\376\377\0005\000.\0002\000.\0001\000\040\000M\000a\000j\000o\000r\000i\000t\000y\000\040\000C\000l\000a\000s\000s\000\040\000U\000n\000d\000e\000r\000\040\000S\000a\000m\000p\000l\000i\000n\000g}{section.249}% 59
\BOOKMARK [2][-]{subsection.259}{\376\377\0005\000.\0002\000.\0002\000\040\000M\000i\000n\000o\000r\000i\000t\000y\000\040\000C\000l\000a\000s\000s\000\040\000O\000v\000e\000r\000\040\000S\000a\000m\000p\000l\000i\000n\000g}{section.249}% 60
\BOOKMARK [2][-]{subsection.276}{\376\377\0005\000.\0002\000.\0003\000\040\000H\000y\000b\000r\000i\000d\000\040\000A\000p\000p\000r\000o\000a\000c\000h}{section.249}% 61
\BOOKMARK [2][-]{subsection.290}{\376\377\0005\000.\0002\000.\0004\000\040\000M\000o\000s\000t\000\040\000F\000r\000e\000q\000u\000e\000n\000t\000l\000y\000\040\000O\000c\000c\000u\000r\000r\000i\000n\000g\000\040\000F\000e\000a\000t\000u\000r\000e\000s}{section.249}% 62
\BOOKMARK [1][-]{section.309}{\376\377\0005\000.\0003\000\040\000S\000c\000i\000k\000i\000t\000-\000l\000e\000a\000r\000n\000\040\000M\000o\000d\000e\000l\000l\000i\000n\000g}{chapter.181}% 63
\BOOKMARK [2][-]{subsection.310}{\376\377\0005\000.\0003\000.\0001\000\040\000M\000o\000d\000e\000l\000\040\000D\000e\000v\000e\000l\000o\000p\000m\000e\000n\000t}{section.309}% 64
\BOOKMARK [2][-]{subsection.325}{\376\377\0005\000.\0003\000.\0002\000\040\000M\000o\000d\000e\000l\000\040\000E\000x\000e\000c\000u\000t\000i\000o\000n\000\040\000a\000n\000d\000\040\000P\000e\000r\000f\000o\000r\000m\000a\000n\000c\000e}{section.309}% 65
\BOOKMARK [2][-]{subsection.330}{\376\377\0005\000.\0003\000.\0003\000\040\000F\000u\000r\000t\000h\000e\000r\000\040\000E\000x\000p\000l\000o\000r\000a\000t\000i\000o\000n}{section.309}% 66
\BOOKMARK [1][-]{section.342}{\376\377\0005\000.\0004\000\040\000S\000c\000i\000k\000i\000t\000-\000l\000e\000a\000r\000n\000\040\000-\000\040\000C\000l\000a\000s\000s\000\040\000I\000m\000b\000a\000l\000a\000n\000c\000e}{chapter.181}% 67
\BOOKMARK [2][-]{subsection.343}{\376\377\0005\000.\0004\000.\0001\000\040\000P\000i\000p\000e\000l\000i\000n\000e\000\040\000a\000n\000d\000\040\000G\000r\000i\000d\000\040\000S\000e\000a\000r\000c\000h}{section.342}% 68
\BOOKMARK [2][-]{subsection.365}{\376\377\0005\000.\0004\000.\0002\000\040\000C\000l\000a\000s\000s\000\040\000S\000a\000m\000p\000l\000i\000n\000g}{section.342}% 69
\BOOKMARK [1][-]{section.369}{\376\377\0005\000.\0005\000\040\000S\000c\000i\000k\000i\000t\000-\000l\000e\000a\000r\000n\000\040\000-\000\040\000C\000o\000s\000t\000\040\000S\000e\000n\000s\000i\000t\000i\000v\000e\000\040\000L\000e\000a\000r\000n\000i\000n\000g}{chapter.181}% 70
\BOOKMARK [1][-]{section.372}{\376\377\0005\000.\0006\000\040\000C\000h\000o\000o\000s\000i\000n\000g\000\040\000t\000h\000e\000\040\000B\000e\000s\000t\000\040\000C\000l\000a\000s\000s\000i\000f\000i\000e\000r\000s}{chapter.181}% 71
\BOOKMARK [2][-]{subsection.373}{\376\377\0005\000.\0006\000.\0001\000\040\000G\000-\000P\000e\000r\000f\000o\000r\000m\000a\000n\000c\000e}{section.372}% 72
\BOOKMARK [2][-]{subsection.375}{\376\377\0005\000.\0006\000.\0002\000\040\000B\000e\000s\000t\000\040\000M\000o\000d\000e\000l\000s}{section.372}% 73
\BOOKMARK [2][-]{subsection.376}{\376\377\0005\000.\0006\000.\0003\000\040\000I\000n\000i\000t\000i\000a\000l\000\040\000M\000o\000d\000e\000l\000s}{section.372}% 74
\BOOKMARK [1][-]{section.380}{\376\377\0005\000.\0007\000\040\000A\000p\000p\000l\000y\000i\000n\000g\000\040\000t\000h\000e\000\040\000B\000e\000s\000t\000\040\000C\000l\000a\000s\000s\000i\000f\000i\000e\000r\000s}{chapter.181}% 75
\BOOKMARK [2][-]{subsection.381}{\376\377\0005\000.\0007\000.\0001\000\040\000S\000c\000e\000n\000a\000r\000i\000o\000\040\000O\000v\000e\000r\000v\000i\000e\000w}{section.380}% 76
\BOOKMARK [2][-]{subsection.382}{\376\377\0005\000.\0007\000.\0002\000\040\000D\000a\000t\000a\000\040\000P\000r\000e\000p\000a\000r\000a\000t\000i\000o\000n}{section.380}% 77
\BOOKMARK [2][-]{subsection.383}{\376\377\0005\000.\0007\000.\0003\000\040\000I\000n\000i\000t\000i\000a\000l\000\040\000A\000n\000a\000l\000y\000s\000i\000s}{section.380}% 78
\BOOKMARK [2][-]{subsection.385}{\376\377\0005\000.\0007\000.\0004\000\040\000B\000a\000t\000c\000h\000\040\000P\000r\000o\000c\000e\000s\000s\000i\000n\000g\000\040\000o\000f\000\040\000S\000a\000m\000p\000l\000e\000s}{section.380}% 79
\BOOKMARK [2][-]{subsection.386}{\376\377\0005\000.\0007\000.\0005\000\040\000A\000n\000a\000l\000y\000s\000i\000s\000\040\000o\000f\000\040\000B\000a\000t\000c\000h\000\040\000P\000r\000o\000c\000e\000s\000s\000i\000n\000g\000\040\000R\000e\000s\000u\000l\000t\000s}{section.380}% 80
\BOOKMARK [1][-]{section.392}{\376\377\0005\000.\0008\000\040\000S\000u\000m\000m\000a\000r\000y\000\040\000a\000n\000d\000\040\000C\000o\000n\000c\000l\000u\000s\000i\000o\000n}{chapter.181}% 81
\BOOKMARK [0][-]{chapter.393}{\376\377\0006\000\040\000C\000o\000n\000c\000l\000u\000s\000i\000o\000n\000s}{}% 82
\BOOKMARK [1][-]{section.394}{\376\377\0006\000.\0001\000\040\000S\000u\000m\000m\000a\000r\000y\000\040\000o\000f\000\040\000r\000e\000s\000e\000a\000r\000c\000h\000\040\000a\000c\000t\000i\000v\000i\000t\000i\000e\000s}{chapter.393}% 83
\BOOKMARK [1][-]{section.395}{\376\377\0006\000.\0002\000\040\000D\000i\000s\000c\000u\000s\000s\000i\000o\000n}{chapter.393}% 84
\BOOKMARK [1][-]{section.396}{\376\377\0006\000.\0003\000\040\000F\000u\000t\000u\000r\000e\000\040\000W\000o\000r\000k}{chapter.393}% 85
\BOOKMARK [1][-]{section.397}{\376\377\0006\000.\0004\000\040\000C\000o\000n\000c\000l\000u\000s\000i\000o\000n}{chapter.393}% 86
\BOOKMARK [0][-]{appendix.398}{\376\377\000A\000\040\000S\000e\000l\000e\000c\000t\000e\000d\000\040\000P\000y\000t\000h\000o\000n\000\040\000S\000c\000r\000i\000p\000t\000s}{}% 87
\BOOKMARK [1][-]{section.399}{\376\377\000A\000.\0001\000\040\000P\000a\000r\000s\000e\000\040\000R\000a\000w\000\040\000H\000T\000M\000L\000\040\000F\000i\000l\000e\000s\000\040\000f\000r\000o\000m\000\040\000A\000s\000k\000.\000f\000m}{appendix.398}% 88
\BOOKMARK [1][-]{section.543}{\376\377\000A\000.\0002\000\040\000C\000l\000e\000a\000n\000\040\000d\000a\000t\000a}{appendix.398}% 89
\BOOKMARK [1][-]{section.621}{\376\377\000A\000.\0003\000\040\000R\000e\000p\000l\000a\000c\000e\000r\000\040\000h\000e\000l\000p\000e\000r\000\040\000c\000l\000a\000s\000s}{appendix.398}% 90
\BOOKMARK [1][-]{section.753}{\376\377\000A\000.\0004\000\040\000S\000i\000m\000p\000l\000e\000\040\000N\000L\000T\000K\000\040\000N\000a\000i\000v\000e\000\040\000B\000a\000y\000e\000s\000\040\000C\000l\000a\000s\000s\000i\000f\000i\000e\000r}{appendix.398}% 91
\BOOKMARK [1][-]{section.887}{\376\377\000A\000.\0005\000\040\000N\000L\000T\000K\000\040\000N\000a\000i\000v\000e\000\040\000B\000a\000y\000e\000s\000\040\000C\000l\000a\000s\000s\000i\000f\000i\000e\000r\000\040\000w\000i\000t\000h\000\040\000F\000e\000a\000t\000u\000r\000e\000\040\000S\000e\000l\000e\000c\000t\000i\000o\000n}{appendix.398}% 92
\BOOKMARK [1][-]{section.948}{\376\377\000A\000.\0006\000\040\000S\000i\000m\000p\000l\000e\000\040\000S\000c\000i\000k\000i\000t\000-\000L\000e\000a\000r\000n\000\040\000C\000l\000a\000s\000s\000i\000f\000i\000e\000r}{appendix.398}% 93
\BOOKMARK [1][-]{section.1018}{\376\377\000A\000.\0007\000\040\000S\000c\000i\000k\000i\000t\000-\000L\000e\000a\000r\000n\000\040\000G\000r\000i\000d\000\040\000S\000e\000a\000r\000c\000h\000\040\000E\000x\000a\000m\000p\000l\000e}{appendix.398}% 94
\BOOKMARK [1][-]{section.1126}{\376\377\000A\000.\0008\000\040\000S\000c\000i\000k\000i\000t\000-\000L\000e\000a\000r\000n\000\040\000O\000v\000e\000r\000\040\000S\000a\000m\000p\000l\000i\000n\000g\000\040\000C\000l\000a\000s\000s\000i\000f\000i\000e\000r}{appendix.398}% 95
\BOOKMARK [1][-]{section.1236}{\376\377\000A\000.\0009\000\040\000S\000c\000i\000k\000i\000t\000-\000L\000e\000a\000r\000n\000\040\000S\000i\000m\000u\000l\000a\000t\000i\000o\000n\000\040\000S\000a\000m\000p\000l\000e\000\040\000S\000c\000r\000i\000p\000t}{appendix.398}% 96
\BOOKMARK [0][-]{appendix.1400}{\376\377\000B\000\040\000N\000o\000v\000e\000l\000\040\000M\000e\000t\000h\000o\000d\000\040\000t\000o\000\040\000C\000h\000o\000o\000s\000e\000\040\000t\000h\000e\000\040\000B\000e\000s\000t\000\040\000C\000l\000a\000s\000s\000i\000f\000i\000e\000r\000s}{}% 97
\BOOKMARK [1][-]{section.1401}{\376\377\000B\000.\0001\000\040\000C\000h\000o\000o\000s\000i\000n\000g\000\040\000t\000h\000e\000\040\000B\000e\000s\000t\000\040\000C\000l\000a\000s\000s\000i\000f\000i\000e\000r\000s}{appendix.1400}% 98
\BOOKMARK [2][-]{subsection.1402}{\376\377\000B\000.\0001\000.\0001\000\040\000G\000-\000P\000e\000r\000f\000o\000r\000m\000a\000n\000c\000e}{section.1401}% 99
\BOOKMARK [2][-]{subsection.1404}{\376\377\000B\000.\0001\000.\0002\000\040\000E\000x\000e\000c\000u\000t\000i\000o\000n\000\040\000T\000i\000m\000e}{section.1401}% 100
\BOOKMARK [2][-]{subsection.1406}{\376\377\000B\000.\0001\000.\0003\000\040\000D\000a\000t\000a\000\040\000M\000a\000n\000i\000p\000u\000l\000a\000t\000i\000o\000n}{section.1401}% 101
\BOOKMARK [2][-]{subsection.1409}{\376\377\000B\000.\0001\000.\0004\000\040\000B\000e\000s\000t\000\040\000M\000o\000d\000e\000l\000s}{section.1401}% 102
\BOOKMARK [1][-]{section.1414}{\376\377\000B\000.\0002\000\040\000A\000p\000p\000l\000y\000i\000n\000g\000\040\000t\000h\000e\000\040\000B\000e\000s\000t\000\040\000C\000l\000a\000s\000s\000i\000f\000i\000e\000r\000s}{appendix.1400}% 103
\BOOKMARK [2][-]{subsection.1415}{\376\377\000B\000.\0002\000.\0001\000\040\000S\000c\000e\000n\000a\000r\000i\000o\000\040\000O\000v\000e\000r\000v\000i\000e\000w}{section.1414}% 104
\BOOKMARK [2][-]{subsection.1416}{\376\377\000B\000.\0002\000.\0002\000\040\000D\000a\000t\000a\000\040\000P\000r\000e\000p\000a\000r\000a\000t\000i\000o\000n}{section.1414}% 105
\BOOKMARK [2][-]{subsection.1417}{\376\377\000B\000.\0002\000.\0003\000\040\000I\000n\000i\000t\000i\000a\000l\000\040\000A\000n\000a\000l\000y\000s\000i\000s\000\040\000o\000f\000\040\000M\000o\000d\000e\000l\000s}{section.1414}% 106
\BOOKMARK [2][-]{subsection.1418}{\376\377\000B\000.\0002\000.\0004\000\040\000B\000a\000t\000c\000h\000\040\000P\000r\000o\000c\000e\000s\000s\000i\000n\000g\000\040\000o\000f\000\040\000S\000a\000m\000p\000l\000e\000s}{section.1414}% 107
\BOOKMARK [2][-]{subsection.1419}{\376\377\000B\000.\0002\000.\0005\000\040\000A\000n\000a\000l\000y\000s\000i\000s\000\040\000o\000f\000\040\000B\000a\000t\000c\000h\000\040\000P\000r\000o\000c\000e\000s\000s\000i\000n\000g\000\040\000R\000e\000s\000u\000l\000t\000s}{section.1414}% 108
\BOOKMARK [0][-]{dummy.1423}{\376\377\000B\000i\000b\000l\000i\000o\000g\000r\000a\000p\000h\000y}{}% 109
